<?xml version="1.0" encoding="UTF-8"?>
<testng-results ignored="0" total="3" passed="3" failed="0" skipped="0">
  <reporter-output>
  </reporter-output>
  <suite started-at="2024-11-13T23:08:31 IST" name="Suite" finished-at="2024-11-13T23:08:59 IST" duration-ms="27931">
    <groups>
    </groups>
    <test started-at="2024-11-13T23:08:31 IST" name="Selenium Tests with edge" finished-at="2024-11-13T23:08:54 IST" duration-ms="22979">
      <class name="tests.SanityTestParamsGridAutoSetup">
        <test-method is-config="true" signature="startDocker()[pri:0, instance:tests.SanityTestParamsGridAutoSetup@6e20b53a]" started-at="2024-11-13T23:08:26 IST" name="startDocker" finished-at="2024-11-13T23:08:31 IST" duration-ms="5173" status="PASS">
          <reporter-output>
          </reporter-output>
        </test-method> <!-- startDocker -->
        <test-method is-config="true" signature="setup(java.lang.String)[pri:0, instance:tests.SanityTestParamsGridAutoSetup@6e20b53a]" started-at="2024-11-13T23:08:31 IST" name="setup" finished-at="2024-11-13T23:08:45 IST" duration-ms="14660" status="PASS">
          <params>
            <param index="0">
              <value>
                <![CDATA[edge]]>
              </value>
            </param>
          </params>
          <reporter-output>
          </reporter-output>
        </test-method> <!-- setup -->
        <test-method signature="test01_count_items()[pri:0, instance:tests.SanityTestParamsGridAutoSetup@6e20b53a]" started-at="2024-11-13T23:08:45 IST" name="test01_count_items" finished-at="2024-11-13T23:08:47 IST" duration-ms="1519" status="PASS">
          <reporter-output>
          </reporter-output>
        </test-method> <!-- test01_count_items -->
        <test-method is-config="true" signature="tearDown()[pri:0, instance:tests.SanityTestParamsGridAutoSetup@6e20b53a]" started-at="2024-11-13T23:08:47 IST" name="tearDown" finished-at="2024-11-13T23:08:54 IST" duration-ms="6783" status="PASS">
          <reporter-output>
          </reporter-output>
        </test-method> <!-- tearDown -->
        <test-method is-config="true" signature="stopDocker()[pri:0, instance:tests.SanityTestParamsGridAutoSetup@6e20b53a]" started-at="2024-11-13T23:08:59 IST" name="stopDocker" finished-at="2024-11-13T23:09:39 IST" duration-ms="40017" status="FAIL">
          <exception class="java.lang.RuntimeException">
            <message>
              <![CDATA[Grid not started/teminated]]>
            </message>
            <full-stacktrace>
              <![CDATA[java.lang.RuntimeException: Grid not started/teminated
at infra.DockerManager.waitTll(DockerManager.java:73)
at infra.DockerManager.actionDocker(DockerManager.java:42)
at tests.SanityTestParamsGridAutoSetup.stopDocker(SanityTestParamsGridAutoSetup.java:26)
at java.base/jdk.internal.reflect.NativeMethodAccessorImpl.invoke0(Native Method)
at java.base/jdk.internal.reflect.NativeMethodAccessorImpl.invoke(NativeMethodAccessorImpl.java:77)
at java.base/jdk.internal.reflect.DelegatingMethodAccessorImpl.invoke(DelegatingMethodAccessorImpl.java:43)
at java.base/java.lang.reflect.Method.invoke(Method.java:568)
at org.testng.internal.invokers.MethodInvocationHelper.invokeMethod(MethodInvocationHelper.java:139)
at org.testng.internal.invokers.MethodInvocationHelper.invokeMethodConsideringTimeout(MethodInvocationHelper.java:69)
at org.testng.internal.invokers.ConfigInvoker.invokeConfigurationMethod(ConfigInvoker.java:361)
at org.testng.internal.invokers.ConfigInvoker.invokeConfigurations(ConfigInvoker.java:296)
at org.testng.SuiteRunner.privateRun(SuiteRunner.java:404)
at org.testng.SuiteRunner.run(SuiteRunner.java:330)
at org.testng.SuiteRunnerWorker.runSuite(SuiteRunnerWorker.java:52)
at org.testng.SuiteRunnerWorker.run(SuiteRunnerWorker.java:95)
at org.testng.TestNG.runSuitesSequentially(TestNG.java:1256)
at org.testng.TestNG.runSuitesLocally(TestNG.java:1176)
at org.testng.TestNG.runSuites(TestNG.java:1099)
at org.testng.TestNG.run(TestNG.java:1067)
at org.apache.maven.surefire.testng.TestNGExecutor.run(TestNGExecutor.java:308)
at org.apache.maven.surefire.testng.TestNGXmlTestSuite.execute(TestNGXmlTestSuite.java:71)
at org.apache.maven.surefire.testng.TestNGProvider.invoke(TestNGProvider.java:113)
at org.apache.maven.surefire.booter.ForkedBooter.runSuitesInProcess(ForkedBooter.java:385)
at org.apache.maven.surefire.booter.ForkedBooter.execute(ForkedBooter.java:162)
at org.apache.maven.surefire.booter.ForkedBooter.run(ForkedBooter.java:507)
at org.apache.maven.surefire.booter.ForkedBooter.main(ForkedBooter.java:495)
]]>
            </full-stacktrace>
          </exception> <!-- java.lang.RuntimeException -->
          <reporter-output>
          </reporter-output>
        </test-method> <!-- stopDocker -->
      </class> <!-- tests.SanityTestParamsGridAutoSetup -->
    </test> <!-- Selenium Tests with edge -->
    <test started-at="2024-11-13T23:08:31 IST" name="Selenium Tests with ff" finished-at="2024-11-13T23:08:57 IST" duration-ms="26731">
      <class name="tests.SanityTestParamsGridAutoSetup">
        <test-method is-config="true" signature="setup(java.lang.String)[pri:0, instance:tests.SanityTestParamsGridAutoSetup@15ff3e9e]" started-at="2024-11-13T23:08:31 IST" name="setup" finished-at="2024-11-13T23:08:47 IST" duration-ms="15982" status="PASS">
          <params>
            <param index="0">
              <value>
                <![CDATA[firefox]]>
              </value>
            </param>
          </params>
          <reporter-output>
          </reporter-output>
        </test-method> <!-- setup -->
        <test-method signature="test01_count_items()[pri:0, instance:tests.SanityTestParamsGridAutoSetup@15ff3e9e]" started-at="2024-11-13T23:08:47 IST" name="test01_count_items" finished-at="2024-11-13T23:08:51 IST" duration-ms="4501" status="PASS">
          <reporter-output>
          </reporter-output>
        </test-method> <!-- test01_count_items -->
        <test-method is-config="true" signature="tearDown()[pri:0, instance:tests.SanityTestParamsGridAutoSetup@15ff3e9e]" started-at="2024-11-13T23:08:51 IST" name="tearDown" finished-at="2024-11-13T23:08:57 IST" duration-ms="6237" status="PASS">
          <reporter-output>
          </reporter-output>
        </test-method> <!-- tearDown -->
      </class> <!-- tests.SanityTestParamsGridAutoSetup -->
    </test> <!-- Selenium Tests with ff -->
    <test started-at="2024-11-13T23:08:31 IST" name="Selenium Tests with chrome" finished-at="2024-11-13T23:08:59 IST" duration-ms="27931">
      <class name="tests.SanityTestHubNodes">
        <test-method is-config="true" signature="setup()[pri:0, instance:tests.SanityTestHubNodes@7a69b07]" started-at="2024-11-13T23:08:31 IST" name="setup" finished-at="2024-11-13T23:08:49 IST" duration-ms="17989" status="PASS">
          <reporter-output>
          </reporter-output>
        </test-method> <!-- setup -->
        <test-method signature="test01_count_items()[pri:0, instance:tests.SanityTestHubNodes@7a69b07]" started-at="2024-11-13T23:08:49 IST" name="test01_count_items" finished-at="2024-11-13T23:08:53 IST" duration-ms="4714" status="PASS">
          <reporter-output>
          </reporter-output>
        </test-method> <!-- test01_count_items -->
        <test-method is-config="true" signature="tearDown()[pri:0, instance:tests.SanityTestHubNodes@7a69b07]" started-at="2024-11-13T23:08:53 IST" name="tearDown" finished-at="2024-11-13T23:08:59 IST" duration-ms="5217" status="PASS">
          <reporter-output>
          </reporter-output>
        </test-method> <!-- tearDown -->
      </class> <!-- tests.SanityTestHubNodes -->
    </test> <!-- Selenium Tests with chrome -->
  </suite> <!-- Suite -->
</testng-results>
